{
  "RSpec": {
    "coverage": {
      "/Users/Ed/Projects/battleships-web-app/app/models/board.rb": [
        1,
        null,
        1,
        null,
        1,
        14,
        14,
        null,
        null,
        1,
        4,
        12,
        4,
        8,
        null,
        null,
        1,
        3,
        2,
        1,
        null,
        null,
        1,
        1,
        null,
        null,
        1,
        2,
        null,
        null,
        1,
        1,
        null,
        null,
        1,
        null,
        1,
        14,
        1540,
        null,
        null,
        null,
        1,
        8,
        null,
        null,
        1,
        303,
        null,
        null,
        1,
        307,
        null,
        null,
        1,
        2,
        null,
        null,
        1,
        7,
        null,
        null,
        1,
        10,
        null,
        null,
        1,
        4,
        3,
        null,
        null,
        null
      ],
      "/Users/Ed/Projects/battleships-web-app/app/models/cell.rb": [
        1,
        null,
        1,
        null,
        1,
        5,
        5,
        null,
        null,
        1,
        2,
        2,
        null,
        null,
        1,
        1,
        null,
        null,
        1,
        2,
        null,
        null,
        null
      ],
      "/Users/Ed/Projects/battleships-web-app/app/models/game.rb": [
        1,
        null,
        1,
        84,
        null,
        null,
        1,
        24,
        23,
        null,
        null,
        1,
        3,
        null,
        null,
        1,
        3,
        null,
        null,
        1,
        5,
        null,
        null,
        1,
        2,
        null,
        null,
        1,
        3,
        2,
        2,
        1,
        null,
        null,
        1,
        3,
        null,
        null,
        1,
        12,
        null,
        null,
        1,
        15,
        null,
        null,
        1,
        null,
        1,
        5,
        null,
        null,
        1,
        5,
        null,
        null,
        1,
        5,
        null,
        null,
        1,
        1,
        null,
        null,
        null
      ],
      "/Users/Ed/Projects/battleships-web-app/app/models/player.rb": [
        1,
        null,
        1,
        null,
        1,
        2,
        null,
        null,
        1,
        1,
        null,
        null,
        null
      ],
      "/Users/Ed/Projects/battleships-web-app/app/models/ship.rb": [
        1,
        null,
        1,
        null,
        1,
        9,
        9,
        9,
        null,
        null,
        1,
        2,
        null,
        null,
        1,
        6,
        6,
        null,
        null,
        1,
        2,
        null,
        null,
        1,
        1,
        null,
        null,
        1,
        1,
        null,
        null,
        1,
        1,
        null,
        null,
        1,
        1,
        null,
        null,
        1,
        1,
        null,
        null,
        null
      ],
      "/Users/Ed/Projects/battleships-web-app/app/models/water.rb": [
        1,
        null,
        1,
        2,
        null,
        null,
        1,
        1,
        null,
        null,
        1,
        2,
        null,
        null,
        null
      ]
    },
    "timestamp": 1424032554
  }
}
